Change Component Footprint: Designator=CIN_5V Old Footprint=EEHZU1E681UV New Footprint=CAPAE1280X1400N
Change Component Footprint: Designator=CIN_ALT Old Footprint=EEHZU1E681UV New Footprint=CAPAE1280X1400N
Change Component Footprint: Designator=CIN_KEY Old Footprint=EEHZU1E681UV New Footprint=CAPAE1280X1400N
Change Component Comment : Designator=CIN_5V Old Comment=EEH-ZU1V471UV New Comment=EDH477M035S9RAA
Change Component Comment : Designator=CIN_ALT Old Comment=EEH-ZU1V471UV New Comment=EDH477M035S9RAA
Change Component Comment : Designator=CIN_KEY Old Comment=EEH-ZU1V471UV New Comment=EDH477M035S9RAA
Change component parameters: Designator = "CIN_5V" ("CIN_5V"); Footprint = "EEHZU1E681UV"; UniqueID = "\MNNNLPYM" ("\MNNNLPYM")
Change component parameters (AddParameter): Name = "Arrow Part Number"; Value = ""; VariantName = "[No Variations]"
Change component parameters (AddParameter): Name = "Arrow Price/Stock"; Value = ""; VariantName = "[No Variations]"
Change component parameters (AddParameter): Name = "Datasheet Link"; Value = "https://content.kemet.com/datasheets/KEM_A4049_EDH.pdf"; VariantName = "[No Variations]"
Change component parameters (AddParameter): Name = "Height"; Value = "14mm"; VariantName = "[No Variations]"
Change component parameters (AddParameter): Name = "Manufacturer_Name"; Value = "KEMET"; VariantName = "[No Variations]"
Change component parameters (AddParameter): Name = "Manufacturer_Part_Number"; Value = "EDH477M035S9RAA"; VariantName = "[No Variations]"
Change component parameters (AddParameter): Name = "Mouser Part Number"; Value = "80-EDH477M035S9RAA"; VariantName = "[No Variations]"
Change component parameters (AddParameter): Name = "Mouser Price/Stock"; Value = "https://www.mouser.co.uk/ProductDetail/KEMET/EDH477M035S9RAA?qs=E9QF1UCAUX4oTYWvvhq16g%3D%3D"; VariantName = "[No Variations]"
Change component parameters: Designator = "CIN_ALT" ("CIN_ALT"); Footprint = "EEHZU1E681UV"; UniqueID = "\FYHWCHJR" ("\FYHWCHJR")
Change component parameters (AddParameter): Name = "Arrow Part Number"; Value = ""; VariantName = "[No Variations]"
Change component parameters (AddParameter): Name = "Arrow Price/Stock"; Value = ""; VariantName = "[No Variations]"
Change component parameters (AddParameter): Name = "Datasheet Link"; Value = "https://content.kemet.com/datasheets/KEM_A4049_EDH.pdf"; VariantName = "[No Variations]"
Change component parameters (AddParameter): Name = "Height"; Value = "14mm"; VariantName = "[No Variations]"
Change component parameters (AddParameter): Name = "Manufacturer_Name"; Value = "KEMET"; VariantName = "[No Variations]"
Change component parameters (AddParameter): Name = "Manufacturer_Part_Number"; Value = "EDH477M035S9RAA"; VariantName = "[No Variations]"
Change component parameters (AddParameter): Name = "Mouser Part Number"; Value = "80-EDH477M035S9RAA"; VariantName = "[No Variations]"
Change component parameters (AddParameter): Name = "Mouser Price/Stock"; Value = "https://www.mouser.co.uk/ProductDetail/KEMET/EDH477M035S9RAA?qs=E9QF1UCAUX4oTYWvvhq16g%3D%3D"; VariantName = "[No Variations]"
Change component parameters: Designator = "CIN_KEY" ("CIN_KEY"); Footprint = "EEHZU1E681UV"; UniqueID = "\GSBVDDRG" ("\GSBVDDRG")
Change component parameters (AddParameter): Name = "Arrow Part Number"; Value = ""; VariantName = "[No Variations]"
Change component parameters (AddParameter): Name = "Arrow Price/Stock"; Value = ""; VariantName = "[No Variations]"
Change component parameters (AddParameter): Name = "Datasheet Link"; Value = "https://content.kemet.com/datasheets/KEM_A4049_EDH.pdf"; VariantName = "[No Variations]"
Change component parameters (AddParameter): Name = "Height"; Value = "14mm"; VariantName = "[No Variations]"
Change component parameters (AddParameter): Name = "Manufacturer_Name"; Value = "KEMET"; VariantName = "[No Variations]"
Change component parameters (AddParameter): Name = "Manufacturer_Part_Number"; Value = "EDH477M035S9RAA"; VariantName = "[No Variations]"
Change component parameters (AddParameter): Name = "Mouser Part Number"; Value = "80-EDH477M035S9RAA"; VariantName = "[No Variations]"
Change component parameters (AddParameter): Name = "Mouser Price/Stock"; Value = "https://www.mouser.co.uk/ProductDetail/KEMET/EDH477M035S9RAA?qs=E9QF1UCAUX4oTYWvvhq16g%3D%3D"; VariantName = "[No Variations]"
Added Member To Class: ClassName=Power Member=Component CIN_5V EDH477M035S9RAA
Added Member To Class: ClassName=Power Member=Component CIN_ALT EDH477M035S9RAA
